<?xml version="1.0" encoding="UTF-8"?>
<testsuite name="problem1.PersonTest" tests="3" skipped="0" failures="0" errors="0" timestamp="2022-01-28T00:19:26" hostname="Yingshus-MBP" time="0.056">
  <properties/>
  <testcase name="getAddress()" classname="problem1.PersonTest" time="0.05"/>
  <testcase name="getName()" classname="problem1.PersonTest" time="0.002"/>
  <testcase name="getEmail()" classname="problem1.PersonTest" time="0.001"/>
  <system-out><![CDATA[]]></system-out>
  <system-err><![CDATA[]]></system-err>
</testsuite>
